<?xml version="1.0" encoding="UTF-8"?>
<!-- Generated by org.testng.reporters.JUnitReportReporter -->
<testsuite hostname="Synthesis-L094" failures="0" tests="2" name="Scripts.Createcustcrm" time="231.331" errors="0" timestamp="2023-10-17T08:13:09 IST" skipped="0">
  <testcase classname="Scripts.Createcustcrm" name="gigTv" time="129.966"/>
  <system-out/>
  <testcase classname="Scripts.Createcustcrm" name="Mdu" time="101.365"/>
  <system-out/>
</testsuite> <!-- Scripts.Createcustcrm -->
